<?xml version="1.0" encoding="UTF-8"?>
<!-- Generated by org.testng.reporters.JUnitReportReporter -->
<testsuite hostname="LAPTOP-DSOQF2I3" failures="0" tests="3" name="Test.sample" time="0.023" errors="0" timestamp="2022-09-16T11:40:54 IST" skipped="0">
  <testcase classname="Test.sample" name="TestResult3" time="0.009"/>
  <system-out/>
  <testcase classname="Test.sample" name="TestResult" time="0.010"/>
  <system-out/>
  <testcase classname="Test.sample" name="TestResult2" time="0.004"/>
  <system-out/>
</testsuite> <!-- Test.sample -->
