<?xml version="1.0" encoding="UTF-8"?>
<!-- Generated by org.testng.reporters.JUnitReportReporter -->
<testsuite hostname="LAPTOP-DSOQF2I3" failures="0" tests="1" name="Test.Day2" time="0.011" errors="0" timestamp="2022-09-05T23:02:42 IST" skipped="0">
  <testcase classname="Test.Day2" name="Ploan" time="0.011"/>
  <system-out/>
</testsuite> <!-- Test.Day2 -->
