<?xml version="1.0" encoding="UTF-8"?>
<!-- Generated by org.testng.reporters.JUnitReportReporter -->
<testsuite hostname="LAPTOP-DSOQF2I3" failures="0" tests="2" name="Test.Day1" time="0.014" errors="0" timestamp="2022-09-05T23:02:20 IST" skipped="0">
  <testcase classname="Test.Day1" name="secondtest" time="0.001"/>
  <system-out/>
  <testcase classname="Test.Day1" name="Demo" time="0.013"/>
  <system-out/>
</testsuite> <!-- Test.Day1 -->
